INFO:     Will watch for changes in these directories: ['/workspaces/code-collab-hub/backend']
INFO:     Uvicorn running on http://0.0.0.0:3001 (Press CTRL+C to quit)
INFO:     Started reloader process [65732] using WatchFiles
Process SpawnProcess-1:
Traceback (most recent call last):
  File "/usr/local/python/3.12.1/lib/python3.12/multiprocessing/process.py", line 314, in _bootstrap
    self.run()
  File "/usr/local/python/3.12.1/lib/python3.12/multiprocessing/process.py", line 108, in run
    self._target(*self._args, **self._kwargs)
  File "/usr/local/python/3.12.1/lib/python3.12/site-packages/uvicorn/_subprocess.py", line 78, in subprocess_started
    target(sockets=sockets)
  File "/usr/local/python/3.12.1/lib/python3.12/site-packages/uvicorn/server.py", line 62, in run
    return asyncio.run(self.serve(sockets=sockets))
           ^^^^^^^^^^^^^^^^^^^^^^^^^^^^^^^^^^^^^^^^
  File "/usr/local/python/3.12.1/lib/python3.12/asyncio/runners.py", line 194, in run
    return runner.run(main)
           ^^^^^^^^^^^^^^^^
  File "/usr/local/python/3.12.1/lib/python3.12/asyncio/runners.py", line 118, in run
    return self._loop.run_until_complete(task)
           ^^^^^^^^^^^^^^^^^^^^^^^^^^^^^^^^^^^
  File "uvloop/loop.pyx", line 1518, in uvloop.loop.Loop.run_until_complete
  File "/usr/local/python/3.12.1/lib/python3.12/site-packages/uvicorn/server.py", line 69, in serve
    config.load()
  File "/usr/local/python/3.12.1/lib/python3.12/site-packages/uvicorn/config.py", line 458, in load
    self.loaded_app = import_from_string(self.app)
                      ^^^^^^^^^^^^^^^^^^^^^^^^^^^^
  File "/usr/local/python/3.12.1/lib/python3.12/site-packages/uvicorn/importer.py", line 21, in import_from_string
    module = importlib.import_module(module_str)
             ^^^^^^^^^^^^^^^^^^^^^^^^^^^^^^^^^^^
  File "/usr/local/python/3.12.1/lib/python3.12/importlib/__init__.py", line 90, in import_module
    return _bootstrap._gcd_import(name[level:], package, level)
           ^^^^^^^^^^^^^^^^^^^^^^^^^^^^^^^^^^^^^^^^^^^^^^^^^^^^
  File "<frozen importlib._bootstrap>", line 1387, in _gcd_import
  File "<frozen importlib._bootstrap>", line 1360, in _find_and_load
  File "<frozen importlib._bootstrap>", line 1331, in _find_and_load_unlocked
  File "<frozen importlib._bootstrap>", line 935, in _load_unlocked
  File "<frozen importlib._bootstrap_external>", line 994, in exec_module
  File "<frozen importlib._bootstrap>", line 488, in _call_with_frames_removed
  File "/workspaces/code-collab-hub/backend/main.py", line 32, in <module>
    code=DEFAULT_PY_CODE,
         ^^^^^^^^^^^^^^^
NameError: name 'DEFAULT_PY_CODE' is not defined
WARNING:  WatchFiles detected changes in 'main.py'. Reloading...
INFO:     Started server process [66476]
INFO:     Waiting for application startup.
INFO:     Application startup complete.
INFO:     127.0.0.1:33384 - "GET / HTTP/1.1" 200 OK
INFO:     127.0.0.1:33384 - "GET /docs HTTP/1.1" 200 OK
INFO:     127.0.0.1:33384 - "GET /openapi.json HTTP/1.1" 200 OK
INFO:     127.0.0.1:33384 - "GET /docs HTTP/1.1" 200 OK
INFO:     127.0.0.1:33384 - "GET /openapi.json HTTP/1.1" 200 OK
INFO:     127.0.0.1:54854 - "GET / HTTP/1.1" 200 OK
INFO:     127.0.0.1:33676 - "GET /api/rooms/test-room HTTP/1.1" 200 OK
INFO:     127.0.0.1:58114 - "GET /health HTTP/1.1" 200 OK
INFO:     127.0.0.1:48626 - "POST /api/rooms HTTP/1.1" 201 Created
